  main.cpp
c:\запасная копия игры\1\platformer\ssssss\level.hpp(60): warning C4244: return: преобразование "double" в "float", возможна потеря данных
c:\запасная копия игры\1\platformer\ssssss\level.hpp(144): warning C4244: инициализация: преобразование "double" в "float", возможна потеря данных
c:\запасная копия игры\1\platformer\ssssss\level.hpp(145): warning C4244: =: преобразование "float" в "int", возможна потеря данных
c:\запасная копия игры\1\platformer\ssssss\level.hpp(185): warning C4244: аргумент: преобразование "int" в "float", возможна потеря данных
c:\запасная копия игры\1\platformer\ssssss\level.hpp(242): warning C4244: аргумент: преобразование "int" в "float", возможна потеря данных
c:\запасная копия игры\1\platformer\ssssss\level.hpp(263): warning C4244: =: преобразование "int" в "float", возможна потеря данных
c:\запасная копия игры\1\platformer\ssssss\level.hpp(264): warning C4244: =: преобразование "int" в "float", возможна потеря данных
c:\запасная копия игры\1\platformer\ssssss\level.hpp(265): warning C4244: =: преобразование "int" в "float", возможна потеря данных
c:\запасная копия игры\1\platformer\ssssss\level.hpp(266): warning C4244: =: преобразование "int" в "float", возможна потеря данных
c:\запасная копия игры\1\platformer\ssssss\level.hpp(309): warning C4018: <: несоответствие типов со знаком и без знака
c:\запасная копия игры\1\platformer\ssssss\level.hpp(318): warning C4018: <: несоответствие типов со знаком и без знака
c:\запасная копия игры\1\platformer\ssssss\level.hpp(340): warning C4018: <: несоответствие типов со знаком и без знака
c:\запасная копия игры\1\platformer\ssssss\level.hpp(341): warning C4018: <: несоответствие типов со знаком и без знака
c:\запасная копия игры\1\platformer\ssssss\anim.hpp(34): warning C4244: инициализация: преобразование "float" в "int", возможна потеря данных
c:\запасная копия игры\1\platformer\ssssss\anim.hpp(65): warning C4244: аргумент: преобразование "int" в "float", возможна потеря данных
c:\запасная копия игры\1\platformer\ssssss\anim.hpp(93): warning C4244: =: преобразование "double" в "float", возможна потеря данных
c:\запасная копия игры\1\platformer\ssssss\anim.hpp(109): warning C4244: аргумент: преобразование "int" в "float", возможна потеря данных
c:\запасная копия игры\1\platformer\ssssss\anim.hpp(128): warning C4244: аргумент: преобразование "int" в "float", возможна потеря данных
c:\запасная копия игры\1\platformer\ssssss\anim.hpp(145): warning C4244: return: преобразование "int" в "float", возможна потеря данных
c:\запасная копия игры\1\platformer\ssssss\anim.hpp(147): warning C4244: return: преобразование "int" в "float", возможна потеря данных
c:\запасная копия игры\1\platformer\ssssss\classes.h(25): warning C4244: =: преобразование "int" в "float", возможна потеря данных
c:\запасная копия игры\1\platformer\ssssss\classes.h(26): warning C4244: =: преобразование "int" в "float", возможна потеря данных
c:\запасная копия игры\1\platformer\ssssss\classes.h(37): warning C4244: аргумент: преобразование "float" в "int", возможна потеря данных
c:\запасная копия игры\1\platformer\ssssss\classes.h(63): warning C4305: аргумент: усечение из "double" к "float"
c:\запасная копия игры\1\platformer\ssssss\classes.h(65): warning C4305: =: усечение из "double" к "float"
c:\запасная копия игры\1\platformer\ssssss\classes.h(75): warning C4018: <: несоответствие типов со знаком и без знака
c:\запасная копия игры\1\platformer\ssssss\classes.h(91): warning C4305: =: усечение из "double" к "float"
c:\запасная копия игры\1\platformer\ssssss\classes.h(92): warning C4305: =: усечение из "double" к "float"
c:\запасная копия игры\1\platformer\ssssss\classes.h(120): warning C4305: =: усечение из "double" к "float"
c:\запасная копия игры\1\platformer\ssssss\classes.h(127): warning C4305: =: усечение из "double" к "float"
c:\запасная копия игры\1\platformer\ssssss\classes.h(134): warning C4305: =: усечение из "double" к "float"
c:\запасная копия игры\1\platformer\ssssss\classes.h(229): warning C4244: +=: преобразование "double" в "float", возможна потеря данных
c:\запасная копия игры\1\platformer\ssssss\classes.h(241): warning C4018: <: несоответствие типов со знаком и без знака
c:\запасная копия игры\1\platformer\ssssss\classes.h(257): warning C4244: инициализация: преобразование "float" в "int", возможна потеря данных
c:\запасная копия игры\1\platformer\ssssss\classes.h(261): warning C4244: =: преобразование "int" в "float", возможна потеря данных
c:\запасная копия игры\1\platformer\ssssss\classes.h(268): warning C4244: инициализация: преобразование "float" в "int", возможна потеря данных
c:\запасная копия игры\1\platformer\ssssss\classes.h(272): warning C4244: =: преобразование "int" в "float", возможна потеря данных
c:\запасная копия игры\1\platformer\ssssss\classes.h(303): warning C4305: аргумент: усечение из "double" к "float"
c:\запасная копия игры\1\platformer\ssssss\classes.h(308): warning C4305: аргумент: усечение из "double" к "float"
c:\запасная копия игры\1\platformer\ssssss\classes.h(316): warning C4018: <: несоответствие типов со знаком и без знака
c:\запасная копия игры\1\platformer\ssssss\classes.h(351): warning C4244: +=: преобразование "float" в "int", возможна потеря данных
c:\запасная копия игры\1\platformer\ssssss\classes.h(359): warning C4244: +=: преобразование "float" в "int", возможна потеря данных
c:\запасная копия игры\1\platformer\ssssss\classes.h(430): warning C4305: аргумент: усечение из "double" к "float"
c:\запасная копия игры\1\platformer\ssssss\classes.h(434): warning C4305: аргумент: усечение из "double" к "float"
c:\запасная копия игры\1\platformer\ssssss\classes.h(484): warning C4244: +=: преобразование "double" в "float", возможна потеря данных
c:\запасная копия игры\1\platformer\ssssss\classes.h(485): warning C4244: аргумент: преобразование "float" в "int", возможна потеря данных
c:\запасная копия игры\1\platformer\ssssss\classes.h(495): warning C4244: аргумент: преобразование "double" в "float", возможна потеря данных
c:\запасная копия игры\1\platformer\ssssss\init_anim_and_obj.h(13): warning C4018: <: несоответствие типов со знаком и без знака
c:\запасная копия игры\1\platformer\ssssss\init_anim_and_obj.h(14): warning C4244: аргумент: преобразование "float" в "int", возможна потеря данных
c:\запасная копия игры\1\platformer\ssssss\init_anim_and_obj.h(18): warning C4018: <: несоответствие типов со знаком и без знака
c:\запасная копия игры\1\platformer\ssssss\init_anim_and_obj.h(19): warning C4244: аргумент: преобразование "float" в "int", возможна потеря данных
c:\запасная копия игры\1\platformer\ssssss\init_anim_and_obj.h(22): warning C4018: <: несоответствие типов со знаком и без знака
c:\запасная копия игры\1\platformer\ssssss\init_anim_and_obj.h(23): warning C4244: аргумент: преобразование "float" в "int", возможна потеря данных
c:\запасная копия игры\1\platformer\ssssss\init_anim_and_obj.h(26): warning C4018: <: несоответствие типов со знаком и без знака
c:\запасная копия игры\1\platformer\ssssss\init_anim_and_obj.h(27): warning C4244: аргумент: преобразование "float" в "int", возможна потеря данных
c:\запасная копия игры\1\platformer\ssssss\init_anim_and_obj.h(30): warning C4018: <: несоответствие типов со знаком и без знака
c:\запасная копия игры\1\platformer\ssssss\init_anim_and_obj.h(31): warning C4244: аргумент: преобразование "float" в "int", возможна потеря данных
c:\запасная копия игры\1\platformer\ssssss\init_anim_and_obj.h(51): warning C4305: аргумент: усечение из "double" к "float"
c:\запасная копия игры\1\platformer\ssssss\interaction_with_enemy.h(37): warning C4244: +=: преобразование "double" в "float", возможна потеря данных
c:\запасная копия игры\1\platformer\ssssss\interaction_with_enemy.h(47): warning C4244: аргумент: преобразование "float" в "int", возможна потеря данных
c:\запасная копия игры\1\platformer\ssssss\interaction_with_enemy.h(57): warning C4244: аргумент: преобразование "float" в "int", возможна потеря данных
c:\запасная копия игры\1\platformer\ssssss\interaction_with_enemy.h(67): warning C4305: =: усечение из "double" к "float"
c:\запасная копия игры\1\platformer\ssssss\interaction_with_enemy.h(125): warning C4244: +=: преобразование "double" в "float", возможна потеря данных
c:\запасная копия игры\1\platformer\ssssss\interaction_with_enemy.h(136): warning C4244: аргумент: преобразование "float" в "int", возможна потеря данных
c:\запасная копия игры\1\platformer\ssssss\interaction_with_enemy.h(146): warning C4244: аргумент: преобразование "float" в "int", возможна потеря данных
c:\запасная копия игры\1\platformer\ssssss\interaction_with_enemy.h(156): warning C4305: =: усечение из "double" к "float"
main.cpp(73): warning C4244: инициализация: преобразование "sf::Int64" в "float", возможна потеря данных
main.cpp(116): warning C4244: аргумент: преобразование "const float" в "unsigned int", возможна потеря данных
main.cpp(163): warning C4244: аргумент: преобразование "float" в "int", возможна потеря данных
main.cpp(169): warning C4101: distance: неиспользованная локальная переменная
  tinystr.cpp
  tinyxml.cpp
  tinyxmlerror.cpp
  tinyxmlparser.cpp
  Создание кода
  0 of 1348 functions ( 0.0%) were compiled, the rest were copied from previous compilation.
    0 functions were new in current compilation
    33 functions had inline decision re-evaluated but remain unchanged
  Создание кода завершено
  ssssss.vcxproj -> C:\ЗАПАСНАЯ КОПИЯ ИГРЫ\1\Platformer\Release\Mario.exe
