c:\иип\1\platformer\ssssss\release\vc140.pdb
c:\иип\1\platformer\ssssss\release\tinyxmlparser.obj
c:\иип\1\platformer\ssssss\release\tinyxmlerror.obj
c:\иип\1\platformer\ssssss\release\tinyxml.obj
c:\иип\1\platformer\ssssss\release\tinystr.obj
c:\иип\1\platformer\ssssss\release\main.obj
c:\иип\1\platformer\release\mario.exe
c:\иип\1\platformer\release\mario.ipdb
c:\иип\1\platformer\release\mario.iobj
c:\иип\1\platformer\ssssss\release\mario.exe.intermediate.manifest
c:\иип\1\platformer\release\mario.pdb
c:\иип\1\platformer\ssssss\.cdf
c:\иип\1\platformer\ssssss\release\mario.tlog\cl.command.1.tlog
c:\иип\1\platformer\ssssss\release\mario.tlog\cl.read.1.tlog
c:\иип\1\platformer\ssssss\release\mario.tlog\cl.write.1.tlog
c:\иип\1\platformer\ssssss\release\mario.tlog\link.command.1.tlog
c:\иип\1\platformer\ssssss\release\mario.tlog\link.read.1.tlog
c:\иип\1\platformer\ssssss\release\mario.tlog\link.write.1.tlog
c:\иип\1\platformer\ssssss\release\mario.tlog\mt.command.1.tlog
c:\иип\1\platformer\ssssss\release\mario.tlog\mt.delete.1.tlog
c:\иип\1\platformer\ssssss\release\mario.tlog\mt.read.1.tlog
c:\иип\1\platformer\ssssss\release\mario.tlog\mt.write.1.tlog
