  main.cpp
c:\иип\1\platformer\ssssss\level.hpp(187): warning C4244: аргумент: преобразование "float" в "sf::Uint8", возможна потеря данных
c:\иип\1\platformer\ssssss\anim.hpp(34): warning C4244: инициализация: преобразование "float" в "int", возможна потеря данных
c:\иип\1\platformer\ssssss\anim.hpp(66): warning C4244: аргумент: преобразование "int" в "float", возможна потеря данных
c:\иип\1\platformer\ssssss\anim.hpp(94): warning C4244: =: преобразование "double" в "float", возможна потеря данных
c:\иип\1\platformer\ssssss\anim.hpp(110): warning C4244: аргумент: преобразование "int" в "float", возможна потеря данных
c:\иип\1\platformer\ssssss\anim.hpp(129): warning C4244: аргумент: преобразование "int" в "float", возможна потеря данных
c:\иип\1\platformer\ssssss\anim.hpp(146): warning C4244: return: преобразование "int" в "float", возможна потеря данных
c:\иип\1\platformer\ssssss\anim.hpp(148): warning C4244: return: преобразование "int" в "float", возможна потеря данных
c:\иип\1\platformer\ssssss\classes.h(176): warning C4244: аргумент: преобразование "int" в "float", возможна потеря данных
c:\иип\1\platformer\ssssss\classes.h(334): warning C4244: инициализация: преобразование "float" в "int", возможна потеря данных
c:\иип\1\platformer\ssssss\classes.h(345): warning C4244: инициализация: преобразование "float" в "int", возможна потеря данных
c:\иип\1\platformer\ssssss\classes.h(518): warning C4305: аргумент: усечение из "double" к "float"
c:\иип\1\platformer\ssssss\classes.h(533): warning C4305: аргумент: усечение из "double" к "float"
c:\иип\1\platformer\ssssss\classes.h(544): warning C4305: аргумент: усечение из "double" к "float"
c:\иип\1\platformer\ssssss\classes.h(612): warning C4305: =: усечение из "double" к "float"
c:\иип\1\platformer\ssssss\classes.h(619): warning C4305: =: усечение из "double" к "float"
main.cpp(45): warning C4244: инициализация: преобразование "sf::Int64" в "float", возможна потеря данных
main.cpp(133): warning C4244: аргумент: преобразование "float" в "unsigned int", возможна потеря данных
  Создание кода
  6 of 1396 functions ( 0.4%) were compiled, the rest were copied from previous compilation.
    0 functions were new in current compilation
    24 functions had inline decision re-evaluated but remain unchanged
  Создание кода завершено
  ssssss.vcxproj -> C:\ИИП\1\Platformer\Release\Mario.exe
