  tinyxmlparser.cpp
  tinyxmlerror.cpp
  tinyxml.cpp
  tinystr.cpp
  main.cpp
c:\версии игры\кеееееек\1\platformer\ssssss\level.hpp(60): warning C4244: return: преобразование "double" в "float", возможна потеря данных
c:\версии игры\кеееееек\1\platformer\ssssss\level.hpp(144): warning C4244: инициализация: преобразование "double" в "float", возможна потеря данных
c:\версии игры\кеееееек\1\platformer\ssssss\level.hpp(145): warning C4244: =: преобразование "float" в "int", возможна потеря данных
c:\версии игры\кеееееек\1\platformer\ssssss\level.hpp(185): warning C4244: аргумент: преобразование "int" в "float", возможна потеря данных
c:\версии игры\кеееееек\1\platformer\ssssss\level.hpp(242): warning C4244: аргумент: преобразование "int" в "float", возможна потеря данных
c:\версии игры\кеееееек\1\platformer\ssssss\level.hpp(263): warning C4244: =: преобразование "int" в "float", возможна потеря данных
c:\версии игры\кеееееек\1\platformer\ssssss\level.hpp(264): warning C4244: =: преобразование "int" в "float", возможна потеря данных
c:\версии игры\кеееееек\1\platformer\ssssss\level.hpp(265): warning C4244: =: преобразование "int" в "float", возможна потеря данных
c:\версии игры\кеееееек\1\platformer\ssssss\level.hpp(266): warning C4244: =: преобразование "int" в "float", возможна потеря данных
c:\версии игры\кеееееек\1\platformer\ssssss\level.hpp(309): warning C4018: <: несоответствие типов со знаком и без знака
c:\версии игры\кеееееек\1\platformer\ssssss\level.hpp(318): warning C4018: <: несоответствие типов со знаком и без знака
c:\версии игры\кеееееек\1\platformer\ssssss\level.hpp(340): warning C4018: <: несоответствие типов со знаком и без знака
c:\версии игры\кеееееек\1\platformer\ssssss\level.hpp(341): warning C4018: <: несоответствие типов со знаком и без знака
c:\версии игры\кеееееек\1\platformer\ssssss\anim.hpp(34): warning C4244: инициализация: преобразование "float" в "int", возможна потеря данных
c:\версии игры\кеееееек\1\platformer\ssssss\anim.hpp(65): warning C4244: аргумент: преобразование "int" в "float", возможна потеря данных
c:\версии игры\кеееееек\1\platformer\ssssss\anim.hpp(93): warning C4244: =: преобразование "double" в "float", возможна потеря данных
c:\версии игры\кеееееек\1\platformer\ssssss\anim.hpp(109): warning C4244: аргумент: преобразование "int" в "float", возможна потеря данных
c:\версии игры\кеееееек\1\platformer\ssssss\anim.hpp(128): warning C4244: аргумент: преобразование "int" в "float", возможна потеря данных
c:\версии игры\кеееееек\1\platformer\ssssss\anim.hpp(145): warning C4244: return: преобразование "int" в "float", возможна потеря данных
c:\версии игры\кеееееек\1\platformer\ssssss\anim.hpp(147): warning C4244: return: преобразование "int" в "float", возможна потеря данных
c:\версии игры\кеееееек\1\platformer\ssssss\classes.h(25): warning C4244: =: преобразование "int" в "float", возможна потеря данных
c:\версии игры\кеееееек\1\platformer\ssssss\classes.h(26): warning C4244: =: преобразование "int" в "float", возможна потеря данных
c:\версии игры\кеееееек\1\platformer\ssssss\classes.h(38): warning C4244: аргумент: преобразование "float" в "int", возможна потеря данных
c:\версии игры\кеееееек\1\platformer\ssssss\classes.h(64): warning C4305: аргумент: усечение из "double" к "float"
c:\версии игры\кеееееек\1\platformer\ssssss\classes.h(66): warning C4305: =: усечение из "double" к "float"
c:\версии игры\кеееееек\1\platformer\ssssss\classes.h(76): warning C4018: <: несоответствие типов со знаком и без знака
c:\версии игры\кеееееек\1\platformer\ssssss\classes.h(91): warning C4305: =: усечение из "double" к "float"
c:\версии игры\кеееееек\1\platformer\ssssss\classes.h(92): warning C4305: =: усечение из "double" к "float"
c:\версии игры\кеееееек\1\platformer\ssssss\classes.h(119): warning C4305: =: усечение из "double" к "float"
c:\версии игры\кеееееек\1\platformer\ssssss\classes.h(126): warning C4305: =: усечение из "double" к "float"
c:\версии игры\кеееееек\1\platformer\ssssss\classes.h(133): warning C4305: =: усечение из "double" к "float"
c:\версии игры\кеееееек\1\platformer\ssssss\classes.h(218): warning C4244: +=: преобразование "double" в "float", возможна потеря данных
c:\версии игры\кеееееек\1\platformer\ssssss\classes.h(238): warning C4018: <: несоответствие типов со знаком и без знака
c:\версии игры\кеееееек\1\platformer\ssssss\classes.h(254): warning C4244: инициализация: преобразование "float" в "int", возможна потеря данных
c:\версии игры\кеееееек\1\platformer\ssssss\classes.h(258): warning C4244: =: преобразование "int" в "float", возможна потеря данных
c:\версии игры\кеееееек\1\platformer\ssssss\classes.h(265): warning C4244: инициализация: преобразование "float" в "int", возможна потеря данных
c:\версии игры\кеееееек\1\platformer\ssssss\classes.h(269): warning C4244: =: преобразование "int" в "float", возможна потеря данных
c:\версии игры\кеееееек\1\platformer\ssssss\classes.h(306): warning C4305: аргумент: усечение из "double" к "float"
c:\версии игры\кеееееек\1\platformer\ssssss\classes.h(310): warning C4305: аргумент: усечение из "double" к "float"
c:\версии игры\кеееееек\1\platformer\ssssss\classes.h(319): warning C4018: <: несоответствие типов со знаком и без знака
c:\версии игры\кеееееек\1\platformer\ssssss\classes.h(425): warning C4305: аргумент: усечение из "double" к "float"
c:\версии игры\кеееееек\1\platformer\ssssss\classes.h(429): warning C4305: аргумент: усечение из "double" к "float"
c:\версии игры\кеееееек\1\platformer\ssssss\classes.h(475): warning C4244: аргумент: преобразование "int" в "float", возможна потеря данных
c:\версии игры\кеееееек\1\platformer\ssssss\init_anim_and_obj.h(12): warning C4018: <: несоответствие типов со знаком и без знака
c:\версии игры\кеееееек\1\platformer\ssssss\init_anim_and_obj.h(13): warning C4244: аргумент: преобразование "float" в "int", возможна потеря данных
c:\версии игры\кеееееек\1\platformer\ssssss\init_anim_and_obj.h(17): warning C4018: <: несоответствие типов со знаком и без знака
c:\версии игры\кеееееек\1\platformer\ssssss\init_anim_and_obj.h(18): warning C4244: аргумент: преобразование "float" в "int", возможна потеря данных
c:\версии игры\кеееееек\1\platformer\ssssss\init_anim_and_obj.h(21): warning C4018: <: несоответствие типов со знаком и без знака
c:\версии игры\кеееееек\1\platformer\ssssss\init_anim_and_obj.h(22): warning C4244: аргумент: преобразование "float" в "int", возможна потеря данных
c:\версии игры\кеееееек\1\platformer\ssssss\init_anim_and_obj.h(25): warning C4018: <: несоответствие типов со знаком и без знака
c:\версии игры\кеееееек\1\platformer\ssssss\init_anim_and_obj.h(26): warning C4244: аргумент: преобразование "float" в "int", возможна потеря данных
c:\версии игры\кеееееек\1\platformer\ssssss\init_anim_and_obj.h(45): warning C4305: аргумент: усечение из "double" к "float"
c:\версии игры\кеееееек\1\platformer\ssssss\interaction_with_enemy.h(66): warning C4244: +=: преобразование "double" в "float", возможна потеря данных
c:\версии игры\кеееееек\1\platformer\ssssss\interaction_with_enemy.h(75): warning C4244: аргумент: преобразование "float" в "int", возможна потеря данных
c:\версии игры\кеееееек\1\platformer\ssssss\interaction_with_enemy.h(78): warning C4244: аргумент: преобразование "float" в "int", возможна потеря данных
c:\версии игры\кеееееек\1\platformer\ssssss\interaction_with_enemy.h(87): warning C4305: =: усечение из "double" к "float"
c:\версии игры\кеееееек\1\platformer\ssssss\interaction_with_enemy.h(153): warning C4244: +=: преобразование "double" в "float", возможна потеря данных
c:\версии игры\кеееееек\1\platformer\ssssss\interaction_with_enemy.h(164): warning C4244: аргумент: преобразование "float" в "int", возможна потеря данных
c:\версии игры\кеееееек\1\platformer\ssssss\interaction_with_enemy.h(167): warning C4244: аргумент: преобразование "float" в "int", возможна потеря данных
c:\версии игры\кеееееек\1\platformer\ssssss\interaction_with_enemy.h(177): warning C4305: =: усечение из "double" к "float"
c:\версии игры\кеееееек\1\platformer\ssssss\main.cpp(36): warning C4244: инициализация: преобразование "sf::Int64" в "float", возможна потеря данных
c:\версии игры\кеееееек\1\platformer\ssssss\main.cpp(81): warning C4244: аргумент: преобразование "const float" в "unsigned int", возможна потеря данных
c:\версии игры\кеееееек\1\platformer\ssssss\main.cpp(108): warning C4244: аргумент: преобразование "float" в "int", возможна потеря данных
c:\версии игры\кеееееек\1\platformer\ssssss\main.cpp(115): warning C4101: distance: неиспользованная локальная переменная
  Создание кода...
c:\версии игры\кеееееек\1\platformer\ssssss\level.hpp(312): warning C4715: Level::GetObject: значение возвращается не при всех путях выполнения
  LINK : не найден или не выполнена сборка C:\версии игры\кеееееек\1\Platformer\Debug\Mario.exe при последней инкрементной компоновке; выполняется полная компоновка
  ssssss.vcxproj -> C:\версии игры\кеееееек\1\Platformer\Debug\Mario.exe
